  CS103SchoolManagementSystem.cpp
C:\Users\olivi\OneDrive\Desktop\CS103\GroupProject\CS103schoolManagementSystem\CS103SchoolManagementSystem.cpp(455,16): warning C4018: '<': signed/unsigned mismatch
C:\Users\olivi\OneDrive\Desktop\CS103\GroupProject\CS103schoolManagementSystem\CS103SchoolManagementSystem.cpp(469,16): warning C4018: '<': signed/unsigned mismatch
C:\Users\olivi\OneDrive\Desktop\CS103\GroupProject\CS103schoolManagementSystem\CS103SchoolManagementSystem.cpp(491,16): warning C4018: '<': signed/unsigned mismatch
C:\Users\olivi\OneDrive\Desktop\CS103\GroupProject\CS103schoolManagementSystem\CS103SchoolManagementSystem.cpp(575,17): warning C4018: '<': signed/unsigned mismatch
C:\Users\olivi\OneDrive\Desktop\CS103\GroupProject\CS103schoolManagementSystem\CS103SchoolManagementSystem.cpp(481,7): warning C4101: 'choice': unreferenced local variable
C:\Users\olivi\OneDrive\Desktop\CS103\GroupProject\CS103schoolManagementSystem\CS103SchoolManagementSystem.cpp(483,22): warning C4101: 'yearGroup': unreferenced local variable
C:\Users\olivi\OneDrive\Desktop\CS103\GroupProject\CS103schoolManagementSystem\CS103SchoolManagementSystem.cpp(483,33): warning C4101: 'classNumber': unreferenced local variable
C:\Users\olivi\OneDrive\Desktop\CS103\GroupProject\CS103schoolManagementSystem\CS103SchoolManagementSystem.cpp(630,73): warning C4101: 'displayRprtChoice': unreferenced local variable
C:\Users\olivi\OneDrive\Desktop\CS103\GroupProject\CS103schoolManagementSystem\CS103SchoolManagementSystem.cpp(630,39): warning C4101: 'studRecChoice': unreferenced local variable
C:\Users\olivi\OneDrive\Desktop\CS103\GroupProject\CS103schoolManagementSystem\CS103SchoolManagementSystem.cpp(630,54): warning C4101: 'classRecordChoice': unreferenced local variable
C:\Users\olivi\OneDrive\Desktop\CS103\GroupProject\CS103schoolManagementSystem\CS103SchoolManagementSystem.cpp(630,25): warning C4101: 'recordChoice': unreferenced local variable
C:\Users\olivi\OneDrive\Desktop\CS103\GroupProject\CS103schoolManagementSystem\CS103SchoolManagementSystem.cpp(662,97): warning C4101: 'editRprtChoice': unreferenced local variable
C:\Users\olivi\OneDrive\Desktop\CS103\GroupProject\CS103schoolManagementSystem\CS103SchoolManagementSystem.cpp(662,116): warning C4101: 'j': unreferenced local variable
C:\Users\olivi\OneDrive\Desktop\CS103\GroupProject\CS103schoolManagementSystem\CS103SchoolManagementSystem.cpp(662,113): warning C4101: 'i': unreferenced local variable
C:\Users\olivi\OneDrive\Desktop\CS103\GroupProject\CS103schoolManagementSystem\CS103SchoolManagementSystem.cpp(959,16): warning C4018: '<': signed/unsigned mismatch
C:\Users\olivi\OneDrive\Desktop\CS103\GroupProject\CS103schoolManagementSystem\CS103SchoolManagementSystem.cpp(967,16): warning C4018: '<': signed/unsigned mismatch
C:\Users\olivi\OneDrive\Desktop\CS103\GroupProject\CS103schoolManagementSystem\CS103SchoolManagementSystem.cpp(976,16): warning C4018: '<': signed/unsigned mismatch
C:\Users\olivi\OneDrive\Desktop\CS103\GroupProject\CS103schoolManagementSystem\CS103SchoolManagementSystem.cpp(984,16): warning C4018: '<': signed/unsigned mismatch
C:\Users\olivi\OneDrive\Desktop\CS103\GroupProject\CS103schoolManagementSystem\CS103SchoolManagementSystem.cpp(1000,19): warning C4018: '<': signed/unsigned mismatch
C:\Users\olivi\OneDrive\Desktop\CS103\GroupProject\CS103schoolManagementSystem\CS103SchoolManagementSystem.cpp(1008,19): warning C4018: '<': signed/unsigned mismatch
C:\Users\olivi\OneDrive\Desktop\CS103\GroupProject\CS103schoolManagementSystem\CS103SchoolManagementSystem.cpp(1016,19): warning C4018: '<': signed/unsigned mismatch
C:\Users\olivi\OneDrive\Desktop\CS103\GroupProject\CS103schoolManagementSystem\CS103SchoolManagementSystem.cpp(1024,19): warning C4018: '<': signed/unsigned mismatch
C:\Users\olivi\OneDrive\Desktop\CS103\GroupProject\CS103schoolManagementSystem\CS103SchoolManagementSystem.cpp(944,7): warning C4101: 'choice': unreferenced local variable
C:\Users\olivi\OneDrive\Desktop\CS103\GroupProject\CS103schoolManagementSystem\CS103SchoolManagementSystem.cpp(942,6): warning C4101: 'vectorSize': unreferenced local variable
  CS103SchoolManagementSystem.vcxproj -> C:\Users\olivi\OneDrive\Desktop\CS103\GroupProject\CS103schoolManagementSystem\Debug\CS103SchoolManagementSystem.exe
